<?xml version="1.0" encoding="UTF-8"?>
<!-- Generated by org.testng.reporters.JUnitReportReporter -->
<testsuite hostname="Shikhar-PC" failures="0" tests="1" name="Put" time="31.273" errors="0" timestamp="2021-06-08T11:42:09 IST" skipped="0">
  <testcase classname="Put" name="Putup" time="31.273"/>
  <system-out/>
</testsuite> <!-- Put -->
