<?xml version="1.0" encoding="UTF-8"?>
<!-- Generated by org.testng.reporters.JUnitReportReporter -->
<testsuite hostname="Shikhar-PC" failures="0" tests="1" name="com.shikhar.casestudy3.Post" time="0.697" errors="0" timestamp="2021-06-11T11:53:23 IST" skipped="0">
  <testcase classname="com.shikhar.casestudy3.Post" name="RegistrationSuccessful" time="0.697"/>
  <system-out/>
</testsuite> <!-- com.shikhar.casestudy3.Post -->
