<?xml version="1.0" encoding="UTF-8"?>
<!-- Generated by org.testng.reporters.JUnitReportReporter -->
<testsuite hostname="Shikhar-PC" failures="0" tests="1" name="Get" time="17.429" errors="0" timestamp="2021-06-09T16:45:03 IST" skipped="0">
  <testcase classname="Get" name="getuserDetails" time="17.429"/>
  <system-out/>
</testsuite> <!-- Get -->
