<?xml version="1.0" encoding="UTF-8"?>
<!-- Generated by org.testng.reporters.JUnitReportReporter -->
<testsuite hostname="Shikhar-PC" failures="0" tests="1" name="Delete" time="5.346" errors="0" timestamp="2021-06-08T11:52:26 IST" skipped="0">
  <testcase classname="Delete" name="deletemethod" time="5.346"/>
  <system-out/>
</testsuite> <!-- Delete -->
