<?xml version="1.0" encoding="UTF-8"?>
<!-- Generated by org.testng.reporters.JUnitReportReporter -->
<testsuite hostname="Shikhar-PC" failures="0" tests="1" name="Post" time="21.643" errors="0" timestamp="2021-06-08T11:11:45 IST" skipped="0">
  <testcase classname="Post" name="RegistrationSuccessful" time="21.643"/>
  <system-out/>
</testsuite> <!-- Post -->
