<?xml version="1.0" encoding="UTF-8"?>
<!-- Generated by org.testng.reporters.JUnitReportReporter -->
<testsuite hostname="Shikhar-PC" failures="0" tests="1" name="complexjson.delete" time="14.686" errors="0" timestamp="2021-06-13T13:42:13 IST" skipped="0">
  <testcase classname="complexjson.delete" name="deletemethod" time="14.686"/>
  <system-out/>
</testsuite> <!-- complexjson.delete -->
