<?xml version="1.0" encoding="UTF-8"?>
<!-- Generated by org.testng.reporters.JUnitReportReporter -->
<testsuite hostname="Shikhar-PC" failures="0" tests="1" name="complexjson.get" time="14.248" errors="0" timestamp="2021-06-13T13:41:23 IST" skipped="0">
  <testcase classname="complexjson.get" name="getuserDetails" time="14.248"/>
  <system-out/>
</testsuite> <!-- complexjson.get -->
