<?xml version="1.0" encoding="UTF-8"?>
<!-- Generated by org.testng.reporters.JUnitReportReporter -->
<testsuite hostname="Shikhar-PC" failures="0" tests="1" name="complexjson.post" time="8.629" errors="0" timestamp="2021-06-13T13:38:28 IST" skipped="0">
  <testcase classname="complexjson.post" name="RegistrationSuccessful" time="8.629"/>
  <system-out/>
</testsuite> <!-- complexjson.post -->
